# JRE version: Java(TM) SE Runtime Environment (19.0+36) (build 19+36-2238)
# Java VM: Java HotSpot(TM) 64-Bit Server VM (19+36-2238, mixed mode, sharing, tiered, compressed oops, compressed class ptrs, g1 gc, windows-amd64)
GC Precious Log:
 CardTable entry size: 512
 Card Set container configuration: InlinePtr #cards 5 size 8 Array Of Cards #cards 12 size 40 Howl #buckets 4 coarsen threshold 1843 Howl Bitmap #cards 512 size 80 coarsen threshold 460 Card regions per heap region 1 cards per card region 2048
 CPUs: 8 total, 8 available
 Memory: 7932M
 Large Page Support: Disabled
 NUMA Support: Disabled
 Compressed Oops: Enabled (32-bit)
 Heap Region Size: 1M
 Heap Min Capacity: 8M
 Heap Initial Capacity: 124M
 Heap Max Capacity: 1984M
 Pre-touch: Disabled
 Parallel Workers: 8
 Concurrent Workers: 2
 Concurrent Refinement Workers: 8
 Periodic GC: Disabled
Heap:
 garbage-first heap   total 167936K, used 126815K [0x0000000084000000, 0x0000000100000000)
  region size 1024K, 52 young (53248K), 6 survivors (6144K)
 Metaspace       used 87583K, committed 88512K, reserved 1179648K
  class space    used 10552K, committed 11008K, reserved 1048576K
GC Heap History (20 events):
Event: 2513.656 GC heap after
{Heap after GC invocations=77 (full 13):
 garbage-first heap   total 167936K, used 78315K [0x0000000084000000, 0x0000000100000000)
  region size 1024K, 3 young (3072K), 3 survivors (3072K)
 Metaspace       used 85739K, committed 86656K, reserved 1179648K
  class space    used 10448K, committed 10880K, reserved 1048576K
}
Event: 2667.296 GC heap before
{Heap before GC invocations=77 (full 13):
 garbage-first heap   total 167936K, used 132587K [0x0000000084000000, 0x0000000100000000)
  region size 1024K, 56 young (57344K), 3 survivors (3072K)
 Metaspace       used 85888K, committed 86784K, reserved 1179648K
  class space    used 10450K, committed 10880K, reserved 1048576K
}
Event: 2667.302 GC heap after
{Heap after GC invocations=78 (full 13):
 garbage-first heap   total 167936K, used 80547K [0x0000000084000000, 0x0000000100000000)
  region size 1024K, 5 young (5120K), 5 survivors (5120K)
 Metaspace       used 85888K, committed 86784K, reserved 1179648K
  class space    used 10450K, committed 10880K, reserved 1048576K
}
Event: 2803.670 GC heap before
{Heap before GC invocations=78 (full 13):
 garbage-first heap   total 167936K, used 102051K [0x0000000084000000, 0x0000000100000000)
  region size 1024K, 27 young (27648K), 5 survivors (5120K)
 Metaspace       used 85915K, committed 86784K, reserved 1179648K
  class space    used 10450K, committed 10880K, reserved 1048576K
}
Event: 2803.742 GC heap after
{Heap after GC invocations=79 (full 14):
 garbage-first heap   total 167936K, used 70788K [0x0000000084000000, 0x0000000100000000)
  region size 1024K, 0 young (0K), 0 survivors (0K)
 Metaspace       used 85910K, committed 86784K, reserved 1179648K
  class space    used 10449K, committed 10880K, reserved 1048576K
}
Event: 2804.154 GC heap before
{Heap before GC invocations=79 (full 14):
 garbage-first heap   total 167936K, used 131204K [0x0000000084000000, 0x0000000100000000)
  region size 1024K, 60 young (61440K), 0 survivors (0K)
 Metaspace       used 86146K, committed 87040K, reserved 1179648K
  class space    used 10467K, committed 10944K, reserved 1048576K
}
Event: 2804.157 GC heap after
{Heap after GC invocations=80 (full 14):
 garbage-first heap   total 167936K, used 76499K [0x0000000084000000, 0x0000000100000000)
  region size 1024K, 6 young (6144K), 6 survivors (6144K)
 Metaspace       used 86146K, committed 87040K, reserved 1179648K
  class space    used 10467K, committed 10944K, reserved 1048576K
}
Event: 2846.641 GC heap before
{Heap before GC invocations=80 (full 14):
 garbage-first heap   total 167936K, used 123603K [0x0000000084000000, 0x0000000100000000)
  region size 1024K, 53 young (54272K), 6 survivors (6144K)
 Metaspace       used 86294K, committed 87232K, reserved 1179648K
  class space    used 10474K, committed 10944K, reserved 1048576K
}
Event: 2846.707 GC heap after
{Heap after GC invocations=81 (full 15):
 garbage-first heap   total 167936K, used 68123K [0x0000000084000000, 0x0000000100000000)
  region size 1024K, 0 young (0K), 0 survivors (0K)
 Metaspace       used 86283K, committed 87232K, reserved 1179648K
  class space    used 10472K, committed 10944K, reserved 1048576K
}
Event: 2847.107 GC heap before
{Heap before GC invocations=81 (full 15):
 garbage-first heap   total 167936K, used 131611K [0x0000000084000000, 0x0000000100000000)
  region size 1024K, 63 young (64512K), 0 survivors (0K)
 Metaspace       used 86590K, committed 87488K, reserved 1179648K
  class space    used 10490K, committed 10944K, reserved 1048576K
}
Event: 2847.110 GC heap after
{Heap after GC invocations=82 (full 15):
 garbage-first heap   total 167936K, used 74012K [0x0000000084000000, 0x0000000100000000)
  region size 1024K, 6 young (6144K), 6 survivors (6144K)
 Metaspace       used 86590K, committed 87488K, reserved 1179648K
  class space    used 10490K, committed 10944K, reserved 1048576K
}
Event: 2870.353 GC heap before
{Heap before GC invocations=82 (full 15):
 garbage-first heap   total 167936K, used 115996K [0x0000000084000000, 0x0000000100000000)
  region size 1024K, 48 young (49152K), 6 survivors (6144K)
 Metaspace       used 86750K, committed 87616K, reserved 1179648K
  class space    used 10501K, committed 10944K, reserved 1048576K
}
Event: 2870.416 GC heap after
{Heap after GC invocations=83 (full 16):
 garbage-first heap   total 167936K, used 71125K [0x0000000084000000, 0x0000000100000000)
  region size 1024K, 0 young (0K), 0 survivors (0K)
 Metaspace       used 86750K, committed 87616K, reserved 1179648K
  class space    used 10501K, committed 10944K, reserved 1048576K
}
Event: 2870.793 GC heap before
{Heap before GC invocations=83 (full 16):
 garbage-first heap   total 167936K, used 131541K [0x0000000084000000, 0x0000000100000000)
  region size 1024K, 60 young (61440K), 0 survivors (0K)
 Metaspace       used 87025K, committed 88000K, reserved 1179648K
  class space    used 10518K, committed 11008K, reserved 1048576K
}
Event: 2870.797 GC heap after
{Heap after GC invocations=84 (full 16):
 garbage-first heap   total 167936K, used 77269K [0x0000000084000000, 0x0000000100000000)
  region size 1024K, 6 young (6144K), 6 survivors (6144K)
 Metaspace       used 87025K, committed 88000K, reserved 1179648K
  class space    used 10518K, committed 11008K, reserved 1048576K
}
Event: 2874.648 GC heap before
{Heap before GC invocations=84 (full 16):
 garbage-first heap   total 167936K, used 119253K [0x0000000084000000, 0x0000000100000000)
  region size 1024K, 48 young (49152K), 6 survivors (6144K)
 Metaspace       used 87154K, committed 88128K, reserved 1179648K
  class space    used 10527K, committed 11008K, reserved 1048576K
}
Event: 2874.709 GC heap after
{Heap after GC invocations=85 (full 17):
 garbage-first heap   total 167936K, used 74031K [0x0000000084000000, 0x0000000100000000)
  region size 1024K, 0 young (0K), 0 survivors (0K)
 Metaspace       used 87154K, committed 88128K, reserved 1179648K
  class space    used 10527K, committed 11008K, reserved 1048576K
}
Event: 2875.094 GC heap before
{Heap before GC invocations=85 (full 17):
 garbage-first heap   total 167936K, used 132399K [0x0000000084000000, 0x0000000100000000)
  region size 1024K, 58 young (59392K), 0 survivors (0K)
 Metaspace       used 87367K, committed 88320K, reserved 1179648K
  class space    used 10541K, committed 11008K, reserved 1048576K
}
Event: 2875.098 GC heap after
{Heap after GC invocations=86 (full 17):
 garbage-first heap   total 167936K, used 80166K [0x0000000084000000, 0x0000000100000000)
  region size 1024K, 6 young (6144K), 6 survivors (6144K)
 Metaspace       used 87367K, committed 88320K, reserved 1179648K
  class space    used 10541K, committed 11008K, reserved 1048576K
}
Event: 2896.232 GC heap before
{Heap before GC invocations=86 (full 17):
 garbage-first heap   total 167936K, used 126246K [0x0000000084000000, 0x0000000100000000)
  region size 1024K, 52 young (53248K), 6 survivors (6144K)
 Metaspace       used 87583K, committed 88512K, reserved 1179648K
  class space    used 10552K, committed 11008K, reserved 1048576K
}

